  Answer.cpp
  Button.cpp
C:\Users\ASUS\source\repos\Game\Game\utils.h(5,10): error C1083: Cannot open include file: 'constant.h': No such file or directory
  (compiling source file 'Answer.cpp')
  
C:\Users\ASUS\source\repos\Game\Game\utils.h(5,10): error C1083: Cannot open include file: 'constant.h': No such file or directory
  (compiling source file 'Button.cpp')
  
  Exit.cpp
C:\Users\ASUS\source\repos\Game\Game\utils.h(5,10): error C1083: Cannot open include file: 'constant.h': No such file or directory
  (compiling source file 'Exit.cpp')
  
  Game.cpp
C:\Users\ASUS\source\repos\Game\Game\Game.h(5,10): error C1083: Cannot open include file: 'Interface.h': No such file or directory
  (compiling source file 'Game.cpp')
  
  Main.cpp
C:\Users\ASUS\source\repos\Game\Game\Game.h(5,10): error C1083: Cannot open include file: 'Interface.h': No such file or directory
  (compiling source file 'Main.cpp')
  
  Menu.cpp
C:\Users\ASUS\source\repos\Game\Game\utils.h(5,10): error C1083: Cannot open include file: 'constant.h': No such file or directory
  (compiling source file 'Menu.cpp')
  
  Mixer.cpp
C:\Users\ASUS\source\repos\Game\Game\utils.h(5,10): error C1083: Cannot open include file: 'constant.h': No such file or directory
  (compiling source file 'Mixer.cpp')
  
  MixerTwo.cpp
  Next.cpp
C:\Users\ASUS\source\repos\Game\Game\utils.h(5,10): error C1083: Cannot open include file: 'constant.h': No such file or directory
  (compiling source file 'Next.cpp')
  
  Playy.cpp
C:\Users\ASUS\source\repos\Game\Game\utils.h(5,10): error C1083: Cannot open include file: 'constant.h': No such file or directory
  (compiling source file 'Playy.cpp')
  
  Question.cpp
C:\Users\ASUS\source\repos\Game\Game\utils.h(5,10): error C1083: Cannot open include file: 'constant.h': No such file or directory
  (compiling source file 'Question.cpp')
  
  Tutorial.cpp
C:\Users\ASUS\source\repos\Game\Game\utils.h(5,10): error C1083: Cannot open include file: 'constant.h': No such file or directory
  (compiling source file 'Tutorial.cpp')
  
  tutorial_2.cpp
C:\Users\ASUS\source\repos\Game\Game\utils.h(5,10): error C1083: Cannot open include file: 'constant.h': No such file or directory
  (compiling source file 'tutorial_2.cpp')
  
  utils.cpp
C:\Users\ASUS\source\repos\Game\Game\utils.h(5,10): error C1083: Cannot open include file: 'constant.h': No such file or directory
  (compiling source file 'utils.cpp')
  
  Generating Code...
